<?xml version="1.0"?>
<!--Phoronix Test Suite v5.2.1 (Khanino)-->
<?xml-stylesheet type="text/xsl" href="pts-results-viewer.xsl"?>
<PhoronixTestSuite>
  <Generated>
    <Title>s3791004</Title>
    <LastModified>2020-11-21 10:15:40</LastModified>
    <TestClient>Phoronix Test Suite v5.2.1 (Khanino)</TestClient>
    <Description>ARMv7 rev 3 testing with a BCM2711 and V3D 4.2 on Raspbian 10 via the Phoronix Test Suite.</Description>
    <PreSetEnvironmentVariables></PreSetEnvironmentVariables>
  </Generated>
  <System>
    <Identifier>ARMv7 rev 3</Identifier>
    <Hardware>Processor: ARMv7 rev 3 @ 1.50GHz (4 Cores), Motherboard: BCM2711, Memory: 855MB, Disk: 16GB SC16G, Graphics: V3D 4.2</Hardware>
    <Software>OS: Raspbian 10, Kernel: 5.4.75-v7l-s3791004+ (armv7l), Desktop: LXDE 0.10.0, Display Server: X Server plymouth.ignore-serial-consoles, Display Driver: modesetting 1.20.4, OpenGL: 2.1 Mesa 19.3.2, File-System: ext4, Screen Resolution: 1920x1080</Software>
    <User>s37</User>
    <TimeStamp>2020-11-21 10:15:40</TimeStamp>
    <TestClientVersion>5.2.1</TestClientVersion>
    <Notes></Notes>
    <JSON>{"compiler-configuration":"--build=arm-linux-gnueabihf --disable-libitm --disable-libquadmath --disable-libquadmath-support --disable-sjlj-exceptions --disable-werror --enable-bootstrap --enable-checking=release --enable-clocale=gnu --enable-gnu-unique-object --enable-languages=c,ada,c++,go,d,fortran,objc,obj-c++ --enable-libstdcxx-debug --enable-libstdcxx-time=yes --enable-multiarch --enable-nls --enable-objc-gc=auto --enable-plugin --enable-shared --enable-threads=posix --host=arm-linux-gnueabihf --program-prefix=arm-linux-gnueabihf- --target=arm-linux-gnueabihf --with-arch=armv6 --with-default-libstdcxx-abi=new --with-float=hard --with-fpu=vfp --with-gcc-major-version-only --with-target-system-zlib -v","cpu-scaling-governor":"cpufreq-dt ondemand","kernel-parameters":"snd_bcm2835.enable_compat_alsa=0 snd_bcm2835.enable_hdmi=1"}</JSON>
  </System>
  <Result>
    <Identifier>pts/compress-7zip-1.7.1</Identifier>
    <Title>7-Zip Compression</Title>
    <AppVersion>16.02</AppVersion>
    <Arguments></Arguments>
    <Description>Compress Speed Test</Description>
    <Scale>MIPS</Scale>
    <Proportion>HIB</Proportion>
    <DisplayFormat>BAR_GRAPH</DisplayFormat>
    <Data>
      <Entry>
        <Identifier>ARMv7 rev 3</Identifier>
        <Value>3458</Value>
        <RawString>3429:3490:3455</RawString>
        <JSON>{"compiler-options":{"compiler-type":"CXX","compiler":"g++","compiler-options":"-pipe -lpthread"}}</JSON>
      </Entry>
    </Data>
  </Result>
  <Result>
    <Identifier>pts/system-decompress-gzip-1.1.1</Identifier>
    <Title>System GZIP Decompression</Title>
    <AppVersion></AppVersion>
    <Arguments></Arguments>
    <Description>Phoronix Test Suite v5.2.1</Description>
    <Scale>Seconds</Scale>
    <Proportion>LIB</Proportion>
    <DisplayFormat>BAR_GRAPH</DisplayFormat>
    <Data>
      <Entry>
        <Identifier>ARMv7 rev 3</Identifier>
        <Value>11.62</Value>
        <RawString>12.395081043243:11.348805189133:11.484413862228:11.529036045074:11.478044986725:11.511388063431</RawString>
      </Entry>
    </Data>
  </Result>
  <Result>
    <Identifier>pts/system-decompress-xz-1.0.2</Identifier>
    <Title>System XZ Decompression</Title>
    <AppVersion></AppVersion>
    <Arguments></Arguments>
    <Description>Phoronix Test Suite v5.2.1</Description>
    <Scale>Seconds</Scale>
    <Proportion>LIB</Proportion>
    <DisplayFormat>BAR_GRAPH</DisplayFormat>
    <Data>
      <Entry>
        <Identifier>ARMv7 rev 3</Identifier>
        <Value>14.22</Value>
        <RawString>14.255300998688:14.20264005661:14.193781137466</RawString>
      </Entry>
    </Data>
  </Result>
  <Result>
    <Identifier>pts/system-decompress-zlib-1.0.2</Identifier>
    <Title>System ZLIB Decompression</Title>
    <AppVersion>1.2.7</AppVersion>
    <Arguments></Arguments>
    <Description>Phoronix Test Suite v5.2.1</Description>
    <Scale>ms</Scale>
    <Proportion>LIB</Proportion>
    <DisplayFormat>BAR_GRAPH</DisplayFormat>
    <Data>
      <Entry>
        <Identifier>ARMv7 rev 3</Identifier>
        <Value>5867.81</Value>
        <RawString>7378.190242:6923.642503:5724.243787:5716.204981:5702.568044:5720.180078:5619.842927:5746.40384:5776.665928:5735.056496:5728.213097:5741.063485:5726.902784:5779.067708:5726.068352:5722.593132:5744.826025:5722.106734:5695.275281:5727.052046</RawString>
      </Entry>
    </Data>
  </Result>
</PhoronixTestSuite>
