<?xml version="1.0"?>
<!--Phoronix Test Suite v5.2.1 (Khanino)-->
<?xml-stylesheet type="text/xsl" href="pts-results-viewer.xsl"?>
<PhoronixTestSuite>
  <Generated>
    <Title>compilation-s3791004</Title>
    <LastModified>2020-11-21 11:10:37</LastModified>
    <TestClient>Phoronix Test Suite v5.2.1 (Khanino)</TestClient>
    <Description>ARMv7 rev 3 testing with a BCM2711 and V3D 4.2 on Raspbian 10 via the Phoronix Test Suite.</Description>
    <PreSetEnvironmentVariables></PreSetEnvironmentVariables>
  </Generated>
  <System>
    <Identifier>ARMv7 rev 3</Identifier>
    <Hardware>Processor: ARMv7 rev 3 @ 1.50GHz (4 Cores), Motherboard: BCM2711, Memory: 855MB, Disk: 16GB SC16G, Graphics: V3D 4.2</Hardware>
    <Software>OS: Raspbian 10, Kernel: 5.4.75-v7l-s3791004+ (armv7l), Desktop: LXDE 0.10.0, Display Server: X Server plymouth.ignore-serial-consoles, Display Driver: modesetting 1.20.4, OpenGL: 2.1 Mesa 19.3.2, File-System: ext4, Screen Resolution: 1920x1080</Software>
    <User>s37</User>
    <TimeStamp>2020-11-21 11:10:37</TimeStamp>
    <TestClientVersion>5.2.1</TestClientVersion>
    <Notes></Notes>
    <JSON>{"compiler-configuration":"--build=arm-linux-gnueabihf --disable-libitm --disable-libquadmath --disable-libquadmath-support --disable-sjlj-exceptions --disable-werror --enable-bootstrap --enable-checking=release --enable-clocale=gnu --enable-gnu-unique-object --enable-languages=c,ada,c++,go,d,fortran,objc,obj-c++ --enable-libstdcxx-debug --enable-libstdcxx-time=yes --enable-multiarch --enable-nls --enable-objc-gc=auto --enable-plugin --enable-shared --enable-threads=posix --host=arm-linux-gnueabihf --program-prefix=arm-linux-gnueabihf- --target=arm-linux-gnueabihf --with-arch=armv6 --with-default-libstdcxx-abi=new --with-float=hard --with-fpu=vfp --with-gcc-major-version-only --with-target-system-zlib -v","cpu-scaling-governor":"cpufreq-dt ondemand","kernel-parameters":"snd_bcm2835.enable_compat_alsa=0 snd_bcm2835.enable_hdmi=1"}</JSON>
  </System>
  <Result>
    <Identifier>pts/build-apache-1.6.1</Identifier>
    <Title>Timed Apache Compilation</Title>
    <AppVersion>2.4.41</AppVersion>
    <Arguments></Arguments>
    <Description>Time To Compile</Description>
    <Scale>Seconds</Scale>
    <Proportion>LIB</Proportion>
    <DisplayFormat>BAR_GRAPH</DisplayFormat>
    <Data>
      <Entry>
        <Identifier>ARMv7 rev 3</Identifier>
        <Value>180.63</Value>
        <RawString>183.26686382294:179.37238812447:179.25684380531</RawString>
      </Entry>
    </Data>
  </Result>
  <Result>
    <Identifier>pts/build-ffmpeg-1.0.1</Identifier>
    <Title>Timed FFmpeg Compilation</Title>
    <AppVersion>4.2.2</AppVersion>
    <Arguments></Arguments>
    <Description>Time To Compile</Description>
    <Scale>Seconds</Scale>
    <Proportion>LIB</Proportion>
    <DisplayFormat>BAR_GRAPH</DisplayFormat>
    <Data>
      <Entry>
        <Identifier>ARMv7 rev 3</Identifier>
        <Value>754.05</Value>
        <RawString>751.33141207695:752.90163111687:757.92811894417</RawString>
      </Entry>
    </Data>
  </Result>
  <Result>
    <Identifier>pts/build-imagemagick-1.7.2</Identifier>
    <Title>Timed ImageMagick Compilation</Title>
    <AppVersion>6.9.0</AppVersion>
    <Arguments></Arguments>
    <Description>Time To Compile</Description>
    <Scale>Seconds</Scale>
    <Proportion>LIB</Proportion>
    <DisplayFormat>BAR_GRAPH</DisplayFormat>
    <Data>
      <Entry>
        <Identifier>ARMv7 rev 3</Identifier>
        <Value>513.28</Value>
        <RawString>499.9342238903:511.11782217026:528.78233909607</RawString>
      </Entry>
    </Data>
  </Result>
  <Result>
    <Identifier>pts/build-linux-kernel-1.10.2</Identifier>
    <Title>Timed Linux Kernel Compilation</Title>
    <AppVersion>5.4</AppVersion>
    <Arguments></Arguments>
    <Description>Time To Compile</Description>
    <Scale>Seconds</Scale>
    <Proportion>LIB</Proportion>
    <DisplayFormat>BAR_GRAPH</DisplayFormat>
    <Data>
      <Entry>
        <Identifier>ARMv7 rev 3</Identifier>
        <Value>2222.59</Value>
        <RawString>2226.2160909176:2218.6567950249:2222.892054081</RawString>
      </Entry>
    </Data>
  </Result>
  <Result>
    <Identifier>pts/build-mplayer-1.4.0</Identifier>
    <Title>Timed MPlayer Compilation</Title>
    <AppVersion>1.4</AppVersion>
    <Arguments></Arguments>
    <Description>Time To Compile</Description>
    <Scale>Seconds</Scale>
    <Proportion>LIB</Proportion>
    <DisplayFormat>BAR_GRAPH</DisplayFormat>
    <Data>
      <Entry>
        <Identifier>ARMv7 rev 3</Identifier>
        <Value>552.99</Value>
        <RawString>549.72388386726:555.95744514465:553.27686905861</RawString>
      </Entry>
    </Data>
  </Result>
</PhoronixTestSuite>
